\BOOKMARK [0][-]{chapter*.4}{\376\377\000L\001\063\000s\000t\000\040\000v\000a\000n\000\040\000f\000i\000g\000u\000r\000e\000n}{}% 1
\BOOKMARK [0][-]{chapter*.5}{\376\377\000L\001\063\000s\000t\000\040\000v\000a\000n\000\040\000t\000a\000b\000e\000l\000l\000e\000n}{}% 2
\BOOKMARK [0][-]{chapter.1}{Inleiding}{}% 3
\BOOKMARK [1][-]{section.1.1}{Probleemstelling}{chapter.1}% 4
\BOOKMARK [1][-]{section.1.2}{Onderzoeksvraag}{chapter.1}% 5
\BOOKMARK [1][-]{section.1.3}{Onderzoeksdoelstelling}{chapter.1}% 6
\BOOKMARK [1][-]{section.1.4}{Opzet\040van\040deze\040bachelorproef}{chapter.1}% 7
\BOOKMARK [0][-]{chapter.2}{Stand\040van\040zaken}{}% 8
\BOOKMARK [1][-]{section.2.1}{Inleiding}{chapter.2}% 9
\BOOKMARK [1][-]{section.2.2}{Specifieke\040noden\040en\040richtpunten}{chapter.2}% 10
\BOOKMARK [2][-]{subsection.2.2.1}{Specifieke\040noden\040van\040scholieren\040met\040dyslexie\040in\040de\040derde\040graad\040van\040het\040middelbaar\040onderwijs.}{section.2.2}% 11
\BOOKMARK [2][-]{subsection.2.2.2}{Specifieke\040kenmerken\040van\040wetenschappelijke\040artikelen}{section.2.2}% 12
\BOOKMARK [1][-]{section.2.3}{Aanpakken\040voor\040tekstvereenvoudiging}{chapter.2}% 13
\BOOKMARK [2][-]{subsection.2.3.1}{Manuele\040tekstvereenvoudiging}{section.2.3}% 14
\BOOKMARK [2][-]{subsection.2.3.2}{Bevoordelende\040effecten\040van\040MTS\040bij\040scholieren\040met\040dyslexie}{section.2.3}% 15
\BOOKMARK [2][-]{subsection.2.3.3}{Aanpak\040voor\040ATS.}{section.2.3}% 16
\BOOKMARK [1][-]{section.2.4}{De\040verschillende\040soorten\040ATS}{chapter.2}% 17
\BOOKMARK [1][-]{section.2.5}{Beschikbare\040tools\040en\040taalmodellen}{chapter.2}% 18
\BOOKMARK [1][-]{section.2.6}{De\040valkuilen\040bij\040AI\040en\040NLP.}{chapter.2}% 19
\BOOKMARK [1][-]{section.2.7}{Conclusie}{chapter.2}% 20
\BOOKMARK [0][-]{chapter.3}{Methodologie}{}% 21
\BOOKMARK [1][-]{section.3.1}{Requirementsanalyse}{chapter.3}% 22
\BOOKMARK [1][-]{section.3.2}{Vergelijking\040van\040taalmodellen}{chapter.3}% 23
\BOOKMARK [1][-]{section.3.3}{Prototype\040voor\040tekstvereenvoudiging}{chapter.3}% 24
\BOOKMARK [2][-]{subsection.3.3.1}{De\040ontwikkeling\040van\040het\040scholierencomponent.}{section.3.3}% 25
\BOOKMARK [2][-]{subsection.3.3.2}{De\040opzet\040voor\040een\040lokale\040webtoepassing.}{section.3.3}% 26
\BOOKMARK [2][-]{subsection.3.3.3}{Experimenten\040met\040Pentimentor\040en\040vergelijkingen\040met\040bestaande\040toepassingen.}{section.3.3}% 27
\BOOKMARK [0][-]{chapter.4}{Resultaten}{}% 28
\BOOKMARK [1][-]{section.4.1}{Ontbrekende\040functies\040bij\040AI-toepassingen}{chapter.4}% 29
\BOOKMARK [1][-]{section.4.2}{Geschikte\040taalmodel\040voor\040gepersonaliseerde\040tekstvereenvoudiging\040met\040ATS}{chapter.4}% 30
\BOOKMARK [1][-]{section.4.3}{Pentimentor\040vergelijken\040met\040top-of-the-line\040tools.}{chapter.4}% 31
\BOOKMARK [0][-]{chapter.5}{Conclusie}{}% 32
\BOOKMARK [0][-]{chapter.6}{Discussie}{}% 33
\BOOKMARK [0][-]{appendix.A}{Onderzoeksvoorstel}{}% 34
\BOOKMARK [1][-]{section.A.1}{Introductie}{appendix.A}% 35
\BOOKMARK [1][-]{section.A.2}{State-of-the-art}{appendix.A}% 36
\BOOKMARK [2][-]{subsection.A.2.1}{Tekstvereenvoudiging}{section.A.2}% 37
\BOOKMARK [2][-]{subsection.A.2.2}{Noden\040van\040scholieren\040met\040dyslexie}{section.A.2}% 38
\BOOKMARK [2][-]{subsection.A.2.3}{Huidige\040toepassingen}{section.A.2}% 39
\BOOKMARK [2][-]{subsection.A.2.4}{Ontwikkelen\040met\040AI}{section.A.2}% 40
\BOOKMARK [1][-]{section.A.3}{Methodologie}{appendix.A}% 41
\BOOKMARK [1][-]{section.A.4}{Verwacht\040resultaat,\040conclusie}{appendix.A}% 42
\BOOKMARK [0][-]{appendix.B}{Referentieteksten:\040Richtlijnen}{}% 43
\BOOKMARK [1][-]{section.B.1}{Lexicale\040vereenvoudiging}{appendix.B}% 44
\BOOKMARK [1][-]{section.B.2}{Syntactische\040vereenvoudiging}{appendix.B}% 45
\BOOKMARK [1][-]{section.B.3}{Structurele\040aanpassingen}{appendix.B}% 46
\BOOKMARK [1][-]{section.B.4}{Specifieke\040richtlijnen\040voor\040A1}{appendix.B}% 47
\BOOKMARK [1][-]{section.B.5}{Specifieke\040richtlijnen\040voor\040A2}{appendix.B}% 48
\BOOKMARK [0][-]{appendix*.78}{Bibliografie}{}% 49
